# JRE version: Java(TM) SE Runtime Environment (7.0_80-b15) (build 1.7.0_80-b15)
# Java VM: Java HotSpot(TM) 64-Bit Server VM (24.80-b11 mixed mode linux-amd64 compressed oops)
Heap
 PSYoungGen      total 22016K, used 11719K [0x00000000ebc80000, 0x00000000eda00000, 0x0000000100000000)
  eden space 15360K, 48% used [0x00000000ebc80000,0x00000000ec3d6820,0x00000000ecb80000)
  from space 6656K, 63% used [0x00000000ed280000,0x00000000ed69b7c8,0x00000000ed900000)
  to   space 7168K, 0% used [0x00000000ecb80000,0x00000000ecb80000,0x00000000ed280000)
 ParOldGen       total 40960K, used 13356K [0x00000000c3600000, 0x00000000c5e00000, 0x00000000ebc80000)
  object space 40960K, 32% used [0x00000000c3600000,0x00000000c430b258,0x00000000c5e00000)
 PSPermGen       total 21504K, used 17667K [0x00000000be400000, 0x00000000bf900000, 0x00000000c3600000)
  object space 21504K, 82% used [0x00000000be400000,0x00000000bf540de0,0x00000000bf900000)
GC Heap History (10 events):
Event: 28,302 GC heap before
{Heap before GC invocations=2 (full 0):
 PSYoungGen      total 18432K, used 18432K [0x00000000ebc80000, 0x00000000ed100000, 0x0000000100000000)
  eden space 15872K, 100% used [0x00000000ebc80000,0x00000000ecc00000,0x00000000ecc00000)
  from space 2560K, 100% used [0x00000000ecc00000,0x00000000ece80000,0x00000000ece80000)
  to   space 2560K, 0% used [0x00000000ece80000,0x00000000ece80000,0x00000000ed100000)
 ParOldGen       total 40960K, used 911K [0x00000000c3600000, 0x00000000c5e00000, 0x00000000ebc80000)
  object space 40960K, 2% used [0x00000000c3600000,0x00000000c36e3f28,0x00000000c5e00000)
 PSPermGen       total 21504K, used 17203K [0x00000000be400000, 0x00000000bf900000, 0x00000000c3600000)
  object space 21504K, 80% used [0x00000000be400000,0x00000000bf4ccd98,0x00000000bf900000)
Event: 28,313 GC heap after
Heap after GC invocations=2 (full 0):
 PSYoungGen      total 18432K, used 2541K [0x00000000ebc80000, 0x00000000ed100000, 0x0000000100000000)
  eden space 15872K, 0% used [0x00000000ebc80000,0x00000000ebc80000,0x00000000ecc00000)
  from space 2560K, 99% used [0x00000000ece80000,0x00000000ed0fb7c8,0x00000000ed100000)
  to   space 2560K, 0% used [0x00000000ecc00000,0x00000000ecc00000,0x00000000ece80000)
 ParOldGen       total 40960K, used 4703K [0x00000000c3600000, 0x00000000c5e00000, 0x00000000ebc80000)
  object space 40960K, 11% used [0x00000000c3600000,0x00000000c3a97e20,0x00000000c5e00000)
 PSPermGen       total 21504K, used 17203K [0x00000000be400000, 0x00000000bf900000, 0x00000000c3600000)
  object space 21504K, 80% used [0x00000000be400000,0x00000000bf4ccd98,0x00000000bf900000)
}
Event: 66,143 GC heap before
{Heap before GC invocations=3 (full 0):
 PSYoungGen      total 18432K, used 18413K [0x00000000ebc80000, 0x00000000ed100000, 0x0000000100000000)
  eden space 15872K, 100% used [0x00000000ebc80000,0x00000000ecc00000,0x00000000ecc00000)
  from space 2560K, 99% used [0x00000000ece80000,0x00000000ed0fb7c8,0x00000000ed100000)
  to   space 2560K, 0% used [0x00000000ecc00000,0x00000000ecc00000,0x00000000ece80000)
 ParOldGen       total 40960K, used 4703K [0x00000000c3600000, 0x00000000c5e00000, 0x00000000ebc80000)
  object space 40960K, 11% used [0x00000000c3600000,0x00000000c3a97e20,0x00000000c5e00000)
 PSPermGen       total 21504K, used 17333K [0x00000000be400000, 0x00000000bf900000, 0x00000000c3600000)
  object space 21504K, 80% used [0x00000000be400000,0x00000000bf4ed458,0x00000000bf900000)
Event: 66,152 GC heap after
Heap after GC invocations=3 (full 0):
 PSYoungGen      total 18432K, used 2541K [0x00000000ebc80000, 0x00000000ed100000, 0x0000000100000000)
  eden space 15872K, 0% used [0x00000000ebc80000,0x00000000ebc80000,0x00000000ecc00000)
  from space 2560K, 99% used [0x00000000ecc00000,0x00000000ece7b7c8,0x00000000ece80000)
  to   space 2560K, 0% used [0x00000000ece80000,0x00000000ece80000,0x00000000ed100000)
 ParOldGen       total 40960K, used 7147K [0x00000000c3600000, 0x00000000c5e00000, 0x00000000ebc80000)
  object space 40960K, 17% used [0x00000000c3600000,0x00000000c3cfacd0,0x00000000c5e00000)
 PSPermGen       total 21504K, used 17333K [0x00000000be400000, 0x00000000bf900000, 0x00000000c3600000)
  object space 21504K, 80% used [0x00000000be400000,0x00000000bf4ed458,0x00000000bf900000)
}
Event: 102,264 GC heap before
{Heap before GC invocations=4 (full 0):
 PSYoungGen      total 18432K, used 18413K [0x00000000ebc80000, 0x00000000ed100000, 0x0000000100000000)
  eden space 15872K, 100% used [0x00000000ebc80000,0x00000000ecc00000,0x00000000ecc00000)
  from space 2560K, 99% used [0x00000000ecc00000,0x00000000ece7b7c8,0x00000000ece80000)
  to   space 2560K, 0% used [0x00000000ece80000,0x00000000ece80000,0x00000000ed100000)
 ParOldGen       total 40960K, used 7147K [0x00000000c3600000, 0x00000000c5e00000, 0x00000000ebc80000)
  object space 40960K, 17% used [0x00000000c3600000,0x00000000c3cfacd0,0x00000000c5e00000)
 PSPermGen       total 21504K, used 17415K [0x00000000be400000, 0x00000000bf900000, 0x00000000c3600000)
  object space 21504K, 80% used [0x00000000be400000,0x00000000bf501fd0,0x00000000bf900000)
Event: 102,272 GC heap after
Heap after GC invocations=4 (full 0):
 PSYoungGen      total 18432K, used 2555K [0x00000000ebc80000, 0x00000000ed100000, 0x0000000100000000)
  eden space 15872K, 0% used [0x00000000ebc80000,0x00000000ebc80000,0x00000000ecc00000)
  from space 2560K, 99% used [0x00000000ece80000,0x00000000ed0fefa8,0x00000000ed100000)
  to   space 2560K, 0% used [0x00000000ecc00000,0x00000000ecc00000,0x00000000ece80000)
 ParOldGen       total 40960K, used 10679K [0x00000000c3600000, 0x00000000c5e00000, 0x00000000ebc80000)
  object space 40960K, 26% used [0x00000000c3600000,0x00000000c406de08,0x00000000c5e00000)
 PSPermGen       total 21504K, used 17415K [0x00000000be400000, 0x00000000bf900000, 0x00000000c3600000)
  object space 21504K, 80% used [0x00000000be400000,0x00000000bf501fd0,0x00000000bf900000)
}
Event: 124,682 GC heap before
{Heap before GC invocations=5 (full 0):
 PSYoungGen      total 18432K, used 18427K [0x00000000ebc80000, 0x00000000ed100000, 0x0000000100000000)
  eden space 15872K, 100% used [0x00000000ebc80000,0x00000000ecc00000,0x00000000ecc00000)
  from space 2560K, 99% used [0x00000000ece80000,0x00000000ed0fefa8,0x00000000ed100000)
  to   space 2560K, 0% used [0x00000000ecc00000,0x00000000ecc00000,0x00000000ece80000)
 ParOldGen       total 40960K, used 10679K [0x00000000c3600000, 0x00000000c5e00000, 0x00000000ebc80000)
  object space 40960K, 26% used [0x00000000c3600000,0x00000000c406de08,0x00000000c5e00000)
 PSPermGen       total 21504K, used 17482K [0x00000000be400000, 0x00000000bf900000, 0x00000000c3600000)
  object space 21504K, 81% used [0x00000000be400000,0x00000000bf512a88,0x00000000bf900000)
Event: 124,701 GC heap after
Heap after GC invocations=5 (full 0):
 PSYoungGen      total 18432K, used 2555K [0x00000000ebc80000, 0x00000000ed900000, 0x0000000100000000)
  eden space 15872K, 0% used [0x00000000ebc80000,0x00000000ebc80000,0x00000000ecc00000)
  from space 2560K, 99% used [0x00000000ecc00000,0x00000000ece7efa8,0x00000000ece80000)
  to   space 6656K, 0% used [0x00000000ed280000,0x00000000ed280000,0x00000000ed900000)
 ParOldGen       total 40960K, used 13348K [0x00000000c3600000, 0x00000000c5e00000, 0x00000000ebc80000)
  object space 40960K, 32% used [0x00000000c3600000,0x00000000c4309258,0x00000000c5e00000)
 PSPermGen       total 21504K, used 17482K [0x00000000be400000, 0x00000000bf900000, 0x00000000c3600000)
  object space 21504K, 81% used [0x00000000be400000,0x00000000bf512a88,0x00000000bf900000)
}
Event: 163,304 GC heap before
{Heap before GC invocations=6 (full 0):
 PSYoungGen      total 18432K, used 18427K [0x00000000ebc80000, 0x00000000ed900000, 0x0000000100000000)
  eden space 15872K, 99% used [0x00000000ebc80000,0x00000000ecbffed8,0x00000000ecc00000)
  from space 2560K, 99% used [0x00000000ecc00000,0x00000000ece7efa8,0x00000000ece80000)
  to   space 6656K, 0% used [0x00000000ed280000,0x00000000ed280000,0x00000000ed900000)
 ParOldGen       total 40960K, used 13348K [0x00000000c3600000, 0x00000000c5e00000, 0x00000000ebc80000)
  object space 40960K, 32% used [0x00000000c3600000,0x00000000c4309258,0x00000000c5e00000)
 PSPermGen       total 21504K, used 17571K [0x00000000be400000, 0x00000000bf900000, 0x00000000c3600000)
  object space 21504K, 81% used [0x00000000be400000,0x00000000bf528d38,0x00000000bf900000)
Event: 163,326 GC heap after
Heap after GC invocations=6 (full 0):
 PSYoungGen      total 22016K, used 4205K [0x00000000ebc80000, 0x00000000eda00000, 0x0000000100000000)
  eden space 15360K, 0% used [0x00000000ebc80000,0x00000000ebc80000,0x00000000ecb80000)
  from space 6656K, 63% used [0x00000000ed280000,0x00000000ed69b7c8,0x00000000ed900000)
  to   space 7168K, 0% used [0x00000000ecb80000,0x00000000ecb80000,0x00000000ed280000)
 ParOldGen       total 40960K, used 13356K [0x00000000c3600000, 0x00000000c5e00000, 0x00000000ebc80000)
  object space 40960K, 32% used [0x00000000c3600000,0x00000000c430b258,0x00000000c5e00000)
 PSPermGen       total 21504K, used 17571K [0x00000000be400000, 0x00000000bf900000, 0x00000000c3600000)
  object space 21504K, 81% used [0x00000000be400000,0x00000000bf528d38,0x00000000bf900000)
}

